Compilación iniciada a las 3/24/2015 1:07:26 AM.
     1>Proyecto "C:\Users\Compañia\Documents\libDEA\build\libDEAVisualStudio\libDEA\libDEA\libDEA.vcxproj" en el nodo 2 (Build destinos).
     1>ClCompile:
         C:\Program Files (x86)\Microsoft Visual Studio 12.0\VC\bin\CL.exe /c /I"C:\Users\Compañia\Documents\libDEA\include" /ZI /nologo /W4 /WX- /sdl- /Od /Oy- /D WIN32 /D _DEBUG /D _LIB /D _UNICODE /D UNICODE /Gm /EHsc /RTC1 /MDd /GS /fp:precise /Zc:wchar_t /Zc:forScope /Fo"Debug\\" /Fd"Debug\vc120.pdb" /Gd /TC /analyze- /errorReport:prompt ..\..\..\..\src\FrameWork.c ..\..\..\..\src\generic.c ..\..\..\..\src\graph.c ..\..\..\..\src\hashmap.c ..\..\..\..\src\heap.c ..\..\..\..\src\list.c ..\..\..\..\src\nodelist.c ..\..\..\..\src\nodetree.c ..\..\..\..\src\quebrado.c ..\..\..\..\src\queue.c ..\..\..\..\src\stack.c ..\..\..\..\src\tree.c
         tree.c
     1>c:\users\compañia\documents\libdea\src\tree.c(125): warning C4996: 'fopen': This function or variable may be unsafe. Consider using fopen_s instead. To disable deprecation, use _CRT_SECURE_NO_WARNINGS. See online help for details.
                 c:\program files (x86)\microsoft visual studio 12.0\vc\include\stdio.h(211) : vea la declaración de 'fopen'
         stack.c
         queue.c
         quebrado.c
         nodetree.c
         nodelist.c
         list.c
     1>c:\users\compañia\documents\libdea\src\list.c(115): warning C4189: 'i' : la variable local se ha inicializado pero no se hace referencia a ella
     1>c:\users\compañia\documents\libdea\src\list.c(123): warning C4996: 'fopen': This function or variable may be unsafe. Consider using fopen_s instead. To disable deprecation, use _CRT_SECURE_NO_WARNINGS. See online help for details.
                 c:\program files (x86)\microsoft visual studio 12.0\vc\include\stdio.h(211) : vea la declaración de 'fopen'
         heap.c
     1>c:\users\compañia\documents\libdea\src\heap.c(171): warning C4100: 'H' : parámetro formal sin referencia
         hashmap.c
         graph.c
     1>c:\users\compañia\documents\libdea\src\graph.c(103): warning C4100: 'G' : parámetro formal sin referencia
     1>c:\users\compañia\documents\libdea\src\graph.c(129): warning C4100: 'G' : parámetro formal sin referencia
         generic.c
         FrameWork.c
     1>c:\users\compañia\documents\libdea\src\framework.c(18): warning C4013: 'malloc' sin definir; se supone que extern devuelve como resultado int
     1>c:\users\compañia\documents\libdea\src\framework.c(23): warning C4996: 'fscanf': This function or variable may be unsafe. Consider using fscanf_s instead. To disable deprecation, use _CRT_SECURE_NO_WARNINGS. See online help for details.
                 c:\program files (x86)\microsoft visual studio 12.0\vc\include\stdio.h(230) : vea la declaración de 'fscanf'
     1>c:\users\compañia\documents\libdea\src\framework.c(36): warning C4996: 'fscanf': This function or variable may be unsafe. Consider using fscanf_s instead. To disable deprecation, use _CRT_SECURE_NO_WARNINGS. See online help for details.
                 c:\program files (x86)\microsoft visual studio 12.0\vc\include\stdio.h(230) : vea la declaración de 'fscanf'
     1>c:\users\compañia\documents\libdea\src\framework.c(38): warning C4013: 'realloc' sin definir; se supone que extern devuelve como resultado int
     1>c:\users\compañia\documents\libdea\src\framework.c(44): error C2143: error de sintaxis : falta ')' delante de '*'
     1>c:\users\compañia\documents\libdea\src\framework.c(44): error C2143: error de sintaxis : falta '{' delante de '*'
     1>c:\users\compañia\documents\libdea\src\framework.c(44): warning C4431: falta el especificador de tipo - se presupone int. Nota: C no admite default-int
     1>c:\users\compañia\documents\libdea\src\framework.c(44): error C2143: error de sintaxis : falta ';' delante de '*'
     1>c:\users\compañia\documents\libdea\src\framework.c(44): warning C4218: se ha utilizado una extensión no estándar : se debe especificar al menos una clase de almacenamiento o un tipo
     1>c:\users\compañia\documents\libdea\src\framework.c(44): error C2059: error de sintaxis : ')'
     1>c:\users\compañia\documents\libdea\src\framework.c(44): error C2054: se esperaba '(' a continuación de 'L2'
     1>c:\users\compañia\documents\libdea\src\framework.c(50): error C2143: error de sintaxis : falta ')' delante de '*'
     1>c:\users\compañia\documents\libdea\src\framework.c(50): error C2143: error de sintaxis : falta '{' delante de '*'
     1>c:\users\compañia\documents\libdea\src\framework.c(50): warning C4431: falta el especificador de tipo - se presupone int. Nota: C no admite default-int
     1>c:\users\compañia\documents\libdea\src\framework.c(50): error C2143: error de sintaxis : falta ';' delante de '*'
     1>c:\users\compañia\documents\libdea\src\framework.c(50): warning C4218: se ha utilizado una extensión no estándar : se debe especificar al menos una clase de almacenamiento o un tipo
     1>c:\users\compañia\documents\libdea\src\framework.c(50): error C2373: 'cmpfn' : nueva definición; modificadores de tipo distintos
                 c:\users\compañia\documents\libdea\include\generic.h(57) : vea la declaración de 'cmpfn'
     1>c:\users\compañia\documents\libdea\src\framework.c(50): error C2146: error de sintaxis : falta ';' delante del identificador 'fn'
     1>c:\users\compañia\documents\libdea\src\framework.c(50): error C2059: error de sintaxis : ')'
     1>c:\users\compañia\documents\libdea\src\framework.c(50): error C2054: se esperaba '(' a continuación de 'fn'
     1>c:\users\compañia\documents\libdea\src\framework.c(61): error C2143: error de sintaxis : falta ')' delante de '*'
     1>c:\users\compañia\documents\libdea\src\framework.c(61): error C2143: error de sintaxis : falta '{' delante de '*'
     1>c:\users\compañia\documents\libdea\src\framework.c(61): warning C4431: falta el especificador de tipo - se presupone int. Nota: C no admite default-int
     1>c:\users\compañia\documents\libdea\src\framework.c(61): error C2143: error de sintaxis : falta ';' delante de '*'
     1>c:\users\compañia\documents\libdea\src\framework.c(61): warning C4218: se ha utilizado una extensión no estándar : se debe especificar al menos una clase de almacenamiento o un tipo
     1>c:\users\compañia\documents\libdea\src\framework.c(61): error C2059: error de sintaxis : ')'
     1>c:\users\compañia\documents\libdea\src\framework.c(61): error C2054: se esperaba '(' a continuación de 'L2'
     1>c:\users\compañia\documents\libdea\src\framework.c(67): error C2143: error de sintaxis : falta ')' delante de '*'
     1>c:\users\compañia\documents\libdea\src\framework.c(67): error C2143: error de sintaxis : falta '{' delante de '*'
     1>c:\users\compañia\documents\libdea\src\framework.c(67): warning C4431: falta el especificador de tipo - se presupone int. Nota: C no admite default-int
     1>c:\users\compañia\documents\libdea\src\framework.c(67): error C2143: error de sintaxis : falta ';' delante de '*'
     1>c:\users\compañia\documents\libdea\src\framework.c(67): warning C4218: se ha utilizado una extensión no estándar : se debe especificar al menos una clase de almacenamiento o un tipo
     1>c:\users\compañia\documents\libdea\src\framework.c(67): error C2373: 'cmpfn' : nueva definición; modificadores de tipo distintos
                 c:\users\compañia\documents\libdea\include\generic.h(57) : vea la declaración de 'cmpfn'
     1>c:\users\compañia\documents\libdea\src\framework.c(67): error C2146: error de sintaxis : falta ';' delante del identificador 'fn'
     1>c:\users\compañia\documents\libdea\src\framework.c(67): error C2059: error de sintaxis : ')'
     1>c:\users\compañia\documents\libdea\src\framework.c(67): error C2054: se esperaba '(' a continuación de 'fn'
     1>c:\users\compañia\documents\libdea\src\framework.c(78): error C2143: error de sintaxis : falta '{' delante de '*'
     1>c:\users\compañia\documents\libdea\src\framework.c(78): error C2143: error de sintaxis : falta ')' delante de '*'
     1>c:\users\compañia\documents\libdea\src\framework.c(78): error C2059: error de sintaxis : ')'
     1>c:\users\compañia\documents\libdea\src\framework.c(78): warning C4431: falta el especificador de tipo - se presupone int. Nota: C no admite default-int
     1>c:\users\compañia\documents\libdea\src\framework.c(78): error C2054: se esperaba '(' a continuación de 'L2'
     1>c:\users\compañia\documents\libdea\src\framework.c(89): error C2143: error de sintaxis : falta '{' delante de '*'
     1>c:\users\compañia\documents\libdea\src\framework.c(89): error C2143: error de sintaxis : falta ')' delante de '*'
     1>c:\users\compañia\documents\libdea\src\framework.c(89): error C2059: error de sintaxis : ')'
     1>c:\users\compañia\documents\libdea\src\framework.c(89): warning C4431: falta el especificador de tipo - se presupone int. Nota: C no admite default-int
     1>c:\users\compañia\documents\libdea\src\framework.c(89): error C2054: se esperaba '(' a continuación de 'L2'
     1>c:\users\compañia\documents\libdea\src\framework.c(100): error C2143: error de sintaxis : falta ')' delante de '*'
     1>c:\users\compañia\documents\libdea\src\framework.c(100): error C2143: error de sintaxis : falta '{' delante de '*'
     1>c:\users\compañia\documents\libdea\src\framework.c(100): warning C4431: falta el especificador de tipo - se presupone int. Nota: C no admite default-int
     1>c:\users\compañia\documents\libdea\src\framework.c(100): error C2143: error de sintaxis : falta ';' delante de '*'
     1>c:\users\compañia\documents\libdea\src\framework.c(100): warning C4218: se ha utilizado una extensión no estándar : se debe especificar al menos una clase de almacenamiento o un tipo
     1>c:\users\compañia\documents\libdea\src\framework.c(100): error C2059: error de sintaxis : ')'
     1>c:\users\compañia\documents\libdea\src\framework.c(100): error C2054: se esperaba '(' a continuación de 'L2'
     1>c:\users\compañia\documents\libdea\src\framework.c(108): error C2143: error de sintaxis : falta '{' delante de '*'
     1>c:\users\compañia\documents\libdea\src\framework.c(108): error C2143: error de sintaxis : falta ')' delante de '*'
     1>c:\users\compañia\documents\libdea\src\framework.c(108): warning C4431: falta el especificador de tipo - se presupone int. Nota: C no admite default-int
     1>c:\users\compañia\documents\libdea\src\framework.c(108): error C2040: 'Generic : 'int' se diferencia en los niveles de direccionamiento indirecto de 'void *'
     1>c:\users\compañia\documents\libdea\src\framework.c(108): error C2146: error de sintaxis : falta ';' delante del identificador 'g'
     1>c:\users\compañia\documents\libdea\src\framework.c(108): warning C4218: se ha utilizado una extensión no estándar : se debe especificar al menos una clase de almacenamiento o un tipo
     1>c:\users\compañia\documents\libdea\src\framework.c(108): error C2059: error de sintaxis : 'tipo'
     1>c:\users\compañia\documents\libdea\src\framework.c(108): error C2059: error de sintaxis : ')'
     1>c:\users\compañia\documents\libdea\src\framework.c(123): error C2143: error de sintaxis : falta '{' delante de '*'
     1>c:\users\compañia\documents\libdea\src\framework.c(123): error C2143: error de sintaxis : falta ')' delante de '*'
     1>c:\users\compañia\documents\libdea\src\framework.c(123): warning C4431: falta el especificador de tipo - se presupone int. Nota: C no admite default-int
     1>c:\users\compañia\documents\libdea\src\framework.c(123): error C2143: error de sintaxis : falta ';' delante de '*'
     1>c:\users\compañia\documents\libdea\src\framework.c(123): warning C4218: se ha utilizado una extensión no estándar : se debe especificar al menos una clase de almacenamiento o un tipo
     1>c:\users\compañia\documents\libdea\src\framework.c(123): error C2373: 'cmpfn' : nueva definición; modificadores de tipo distintos
                 c:\users\compañia\documents\libdea\include\generic.h(57) : vea la declaración de 'cmpfn'
     1>c:\users\compañia\documents\libdea\src\framework.c(123): error C2146: error de sintaxis : falta ';' delante del identificador 'fn'
     1>c:\users\compañia\documents\libdea\src\framework.c(123): error C2059: error de sintaxis : ')'
     1>c:\users\compañia\documents\libdea\src\framework.c(123): error C2054: se esperaba '(' a continuación de 'fn'
     1>c:\users\compañia\documents\libdea\src\framework.c(148): error C2143: error de sintaxis : falta ')' delante de '*'
     1>c:\users\compañia\documents\libdea\src\framework.c(148): error C2143: error de sintaxis : falta '{' delante de '*'
     1>c:\users\compañia\documents\libdea\src\framework.c(148): warning C4431: falta el especificador de tipo - se presupone int. Nota: C no admite default-int
     1>c:\users\compañia\documents\libdea\src\framework.c(148): error C2143: error de sintaxis : falta ';' delante de '*'
     1>c:\users\compañia\documents\libdea\src\framework.c(148): warning C4218: se ha utilizado una extensión no estándar : se debe especificar al menos una clase de almacenamiento o un tipo
     1>c:\users\compañia\documents\libdea\src\framework.c(148): error C2059: error de sintaxis : ')'
     1>c:\users\compañia\documents\libdea\src\framework.c(148): error C2054: se esperaba '(' a continuación de 'L2'
     1>c:\users\compañia\documents\libdea\src\framework.c(156): error C2143: error de sintaxis : falta '{' delante de '*'
     1>c:\users\compañia\documents\libdea\src\framework.c(156): error C2143: error de sintaxis : falta ')' delante de '*'
     1>c:\users\compañia\documents\libdea\src\framework.c(156): warning C4431: falta el especificador de tipo - se presupone int. Nota: C no admite default-int
     1>c:\users\compañia\documents\libdea\src\framework.c(156): error C2040: 'Generic : 'int' se diferencia en los niveles de direccionamiento indirecto de 'void *'
     1>c:\users\compañia\documents\libdea\src\framework.c(156): error C2146: error de sintaxis : falta ';' delante del identificador 'g'
     1>c:\users\compañia\documents\libdea\src\framework.c(156): warning C4218: se ha utilizado una extensión no estándar : se debe especificar al menos una clase de almacenamiento o un tipo
     1>c:\users\compañia\documents\libdea\src\framework.c(156): error C2059: error de sintaxis : 'tipo'
     1>c:\users\compañia\documents\libdea\src\framework.c(156): error C2059: error de sintaxis : ')'
     1>c:\users\compañia\documents\libdea\src\framework.c(171): error C2143: error de sintaxis : falta '{' delante de '*'
     1>c:\users\compañia\documents\libdea\src\framework.c(171): error C2143: error de sintaxis : falta ')' delante de '*'
     1>c:\users\compañia\documents\libdea\src\framework.c(171): warning C4431: falta el especificador de tipo - se presupone int. Nota: C no admite default-int
     1>c:\users\compañia\documents\libdea\src\framework.c(171): error C2143: error de sintaxis : falta ';' delante de '*'
     1>c:\users\compañia\documents\libdea\src\framework.c(171): warning C4218: se ha utilizado una extensión no estándar : se debe especificar al menos una clase de almacenamiento o un tipo
     1>c:\users\compañia\documents\libdea\src\framework.c(171): error C2373: 'cmpfn' : nueva definición; modificadores de tipo distintos
                 c:\users\compañia\documents\libdea\include\generic.h(57) : vea la declaración de 'cmpfn'
     1>c:\users\compañia\documents\libdea\src\framework.c(171): error C2146: error de sintaxis : falta ';' delante del identificador 'fn'
     1>c:\users\compañia\documents\libdea\src\framework.c(171): error C2059: error de sintaxis : ')'
     1>c:\users\compañia\documents\libdea\src\framework.c(171): error C2054: se esperaba '(' a continuación de 'fn'
     1>c:\users\compañia\documents\libdea\src\framework.c(196): error C2143: error de sintaxis : falta ')' delante de '*'
     1>c:\users\compañia\documents\libdea\src\framework.c(196): error C2081: 'List' : el nombre de la lista de parámetros formales no es válido
     1>c:\users\compañia\documents\libdea\src\framework.c(196): error C2143: error de sintaxis : falta '{' delante de '*'
     1>c:\users\compañia\documents\libdea\src\framework.c(196): warning C4431: falta el especificador de tipo - se presupone int. Nota: C no admite default-int
     1>c:\users\compañia\documents\libdea\src\framework.c(196): error C2373: 'writefn' : nueva definición; modificadores de tipo distintos
                 c:\users\compañia\documents\libdea\include\framework.h(44) : vea la declaración de 'writefn'
     1>c:\users\compañia\documents\libdea\src\framework.c(196): error C2146: error de sintaxis : falta ';' delante del identificador 'fn'
     1>c:\users\compañia\documents\libdea\src\framework.c(196): warning C4218: se ha utilizado una extensión no estándar : se debe especificar al menos una clase de almacenamiento o un tipo
     1>c:\users\compañia\documents\libdea\src\framework.c(196): error C2059: error de sintaxis : ')'
     1>c:\users\compañia\documents\libdea\src\framework.c(196): error C2054: se esperaba '(' a continuación de 'fn'
     1>c:\users\compañia\documents\libdea\src\framework.c(213): error C2146: error de sintaxis : falta ')' delante del identificador 'M'
     1>c:\users\compañia\documents\libdea\src\framework.c(213): error C2081: 'HashMap' : el nombre de la lista de parámetros formales no es válido
     1>c:\users\compañia\documents\libdea\src\framework.c(213): error C2061: error de sintaxis : identificador 'M'
     1>c:\users\compañia\documents\libdea\src\framework.c(213): error C2059: error de sintaxis : ';'
     1>c:\users\compañia\documents\libdea\src\framework.c(213): error C2059: error de sintaxis : ')'
     1>c:\users\compañia\documents\libdea\src\framework.c(213): error C2449: se encontró '{' en el ámbito de archivo (¿falta el encabezado de función?)
     1>c:\users\compañia\documents\libdea\src\framework.c(217): error C2059: error de sintaxis : '}'
     1>c:\users\compañia\documents\libdea\src\framework.c(240): warning C4013: 'free' sin definir; se supone que extern devuelve como resultado int
     1>c:\users\compañia\documents\libdea\src\framework.c(254): error C2061: error de sintaxis : identificador 'listElementoExiste'
     1>c:\users\compañia\documents\libdea\src\framework.c(254): error C2059: error de sintaxis : ';'
     1>c:\users\compañia\documents\libdea\src\framework.c(254): error C2143: error de sintaxis : falta ')' delante de '*'
     1>c:\users\compañia\documents\libdea\src\framework.c(254): error C2143: error de sintaxis : falta '{' delante de '*'
     1>c:\users\compañia\documents\libdea\src\framework.c(254): warning C4431: falta el especificador de tipo - se presupone int. Nota: C no admite default-int
     1>c:\users\compañia\documents\libdea\src\framework.c(254): error C2040: 'Generic : 'int' se diferencia en los niveles de direccionamiento indirecto de 'void *'
     1>c:\users\compañia\documents\libdea\src\framework.c(254): error C2146: error de sintaxis : falta ';' delante del identificador 'cont'
     1>c:\users\compañia\documents\libdea\src\framework.c(254): warning C4218: se ha utilizado una extensión no estándar : se debe especificar al menos una clase de almacenamiento o un tipo
     1>c:\users\compañia\documents\libdea\src\framework.c(254): error C2059: error de sintaxis : 'tipo'
     1>c:\users\compañia\documents\libdea\src\framework.c(254): error C2059: error de sintaxis : ')'
     1>c:\users\compañia\documents\libdea\src\framework.c(262): error C2061: error de sintaxis : identificador 'listDestroy'
     1>c:\users\compañia\documents\libdea\src\framework.c(262): error C2059: error de sintaxis : ';'
     1>c:\users\compañia\documents\libdea\src\framework.c(262): error C2143: error de sintaxis : falta ')' delante de '*'
     1>c:\users\compañia\documents\libdea\src\framework.c(262): error C2143: error de sintaxis : falta '{' delante de '*'
     1>c:\users\compañia\documents\libdea\src\framework.c(262): error C2059: error de sintaxis : ')'
     1>c:\users\compañia\documents\libdea\src\framework.c(262): warning C4431: falta el especificador de tipo - se presupone int. Nota: C no admite default-int
     1>c:\users\compañia\documents\libdea\src\framework.c(262): error C2040: 'L : 'int **' se diferencia en los niveles de direccionamiento indirecto de 'int *'
     1>c:\users\compañia\documents\libdea\src\framework.c(262): error C2054: se esperaba '(' a continuación de 'L'
         Generando código...
     1>c:\users\compañia\documents\libdea\src\generic.c(89): warning C4715: 'compareWithOrderType' : no todas las rutas de acceso de control devuelven un valor
     1>Compilación del proyecto terminada "C:\Users\Compañia\Documents\libDEA\build\libDEAVisualStudio\libDEA\libDEA\libDEA.vcxproj" (Build destinos) -- ERROR.

ERROR al compilar.

Tiempo transcurrido 00:00:01.16
